This is pdfTeX, Version 3.141592653-2.6-1.40.26 (TeX Live 2025/dev/Debian) (preloaded format=pdflatex 2025.8.21)  21 AUG 2025 13:36
entering extended mode
 restricted \write18 enabled.
 %&-line parsing enabled.
**summarySelector_sigmod25_cameraReady.tex
(./summarySelector_sigmod25_cameraReady.tex
LaTeX2e <2024-11-01> patch level 2
L3 programming layer <2025-01-18>
(./acmart.cls
Document Class: acmart 2024/10/19 v2.10 Typesetting articles for the Associatio
n for Computing Machinery
(/usr/share/texlive/texmf-dist/tex/latex/xkeyval/xkeyval.sty
Package: xkeyval 2022/06/16 v2.9 package option processing (HA)

(/usr/share/texlive/texmf-dist/tex/generic/xkeyval/xkeyval.tex
(/usr/share/texlive/texmf-dist/tex/generic/xkeyval/xkvutils.tex
\XKV@toks=\toks17
\XKV@tempa@toks=\toks18

(/usr/share/texlive/texmf-dist/tex/generic/xkeyval/keyval.tex))
\XKV@depth=\count196
File: xkeyval.tex 2014/12/03 v2.7a key=value parser (HA)
))
(/usr/share/texlive/texmf-dist/tex/generic/xstring/xstring.sty
(/usr/share/texlive/texmf-dist/tex/generic/xstring/xstring.tex
\xs_counta=\count197
\xs_countb=\count198
)
Package: xstring 2023/08/22 v1.86 String manipulations (CT)
)
(/usr/share/texlive/texmf-dist/tex/generic/iftex/iftex.sty
Package: iftex 2024/12/12 v1.0g TeX engine tests
)
Package acmart Info: Not using screen mode on input line 76.
Package acmart Info: Using breaking urls on hyphens on input line 84.
Package acmart Info: Requiring acmthm on input line 92.
Package acmart Info: Not using review mode on input line 101.
Package acmart Info: Not using authorversion mode on input line 109.
Package acmart Info: Not using nonacm mode on input line 121.
Package acmart Info: Explicitly selecting natbib mode on input line 137.
Package acmart Info: Not using anonymous mode on input line 145.
Package acmart Info: Not using timestamp mode on input line 153.
Package acmart Info: Not using authordraft mode on input line 163.
Class acmart Info: Using format acmsmall, number 1 on input line 178.
Class acmart Info: Using fontsize 10pt on input line 280.

(/usr/share/texlive/texmf-dist/tex/latex/amscls/amsart.cls
Document Class: amsart 2020/05/29 v2.20.6
\linespacing=\dimen141
\normalparindent=\dimen142
\normaltopskip=\skip49
(/usr/share/texlive/texmf-dist/tex/latex/amsmath/amsmath.sty
Package: amsmath 2024/11/05 v2.17t AMS math features
\@mathmargin=\skip50

For additional information on amsmath, use the `?' option.
(/usr/share/texlive/texmf-dist/tex/latex/amsmath/amstext.sty
Package: amstext 2021/08/26 v2.01 AMS text

(/usr/share/texlive/texmf-dist/tex/latex/amsmath/amsgen.sty
File: amsgen.sty 1999/11/30 v2.0 generic functions
\@emptytoks=\toks19
\ex@=\dimen143
))
(/usr/share/texlive/texmf-dist/tex/latex/amsmath/amsbsy.sty
Package: amsbsy 1999/11/29 v1.2d Bold Symbols
\pmbraise@=\dimen144
)
(/usr/share/texlive/texmf-dist/tex/latex/amsmath/amsopn.sty
Package: amsopn 2022/04/08 v2.04 operator names
)
\inf@bad=\count199
LaTeX Info: Redefining \frac on input line 233.
\uproot@=\count266
\leftroot@=\count267
LaTeX Info: Redefining \overline on input line 398.
LaTeX Info: Redefining \colon on input line 409.
\classnum@=\count268
\DOTSCASE@=\count269
LaTeX Info: Redefining \ldots on input line 495.
LaTeX Info: Redefining \dots on input line 498.
LaTeX Info: Redefining \cdots on input line 619.
\Mathstrutbox@=\box52
\strutbox@=\box53
LaTeX Info: Redefining \big on input line 721.
LaTeX Info: Redefining \Big on input line 722.
LaTeX Info: Redefining \bigg on input line 723.
LaTeX Info: Redefining \Bigg on input line 724.
\big@size=\dimen145
LaTeX Font Info:    Redeclaring font encoding OML on input line 742.
LaTeX Font Info:    Redeclaring font encoding OMS on input line 743.
\macc@depth=\count270
LaTeX Info: Redefining \bmod on input line 904.
LaTeX Info: Redefining \pmod on input line 909.
LaTeX Info: Redefining \smash on input line 939.
LaTeX Info: Redefining \relbar on input line 969.
LaTeX Info: Redefining \Relbar on input line 970.
\c@MaxMatrixCols=\count271
\dotsspace@=\muskip17
\c@parentequation=\count272
\dspbrk@lvl=\count273
\tag@help=\toks20
\row@=\count274
\column@=\count275
\maxfields@=\count276
\andhelp@=\toks21
\eqnshift@=\dimen146
\alignsep@=\dimen147
\tagshift@=\dimen148
\tagwidth@=\dimen149
\totwidth@=\dimen150
\lineht@=\dimen151
\@envbody=\toks22
\multlinegap=\skip51
\multlinetaggap=\skip52
\mathdisplay@stack=\toks23
LaTeX Info: Redefining \[ on input line 2953.
LaTeX Info: Redefining \] on input line 2954.
)
LaTeX Font Info:    Trying to load font information for U+msa on input line 397
.

(/usr/share/texlive/texmf-dist/tex/latex/amsfonts/umsa.fd
File: umsa.fd 2013/01/14 v3.01 AMS symbols A
)
(/usr/share/texlive/texmf-dist/tex/latex/amsfonts/amsfonts.sty
Package: amsfonts 2013/01/14 v3.01 Basic AMSFonts support
\symAMSa=\mathgroup4
\symAMSb=\mathgroup5
LaTeX Font Info:    Redeclaring math symbol \hbar on input line 98.
LaTeX Font Info:    Overwriting math alphabet `\mathfrak' in version `bold'
(Font)                  U/euf/m/n --> U/euf/b/n on input line 106.
)
\copyins=\insert252
\abstractbox=\box54
\listisep=\skip53
\c@part=\count277
\c@section=\count278
\c@subsection=\count279
\c@subsubsection=\count280
\c@paragraph=\count281
\c@subparagraph=\count282
\c@figure=\count283
\c@table=\count284
\abovecaptionskip=\skip54
\belowcaptionskip=\skip55
\captionindent=\dimen152
\thm@style=\toks24
\thm@bodyfont=\toks25
\thm@headfont=\toks26
\thm@notefont=\toks27
\thm@headpunct=\toks28
\thm@preskip=\skip56
\thm@postskip=\skip57
\thm@headsep=\skip58
\dth@everypar=\toks29
)
(/usr/share/texlive/texmf-dist/tex/latex/microtype/microtype.sty
Package: microtype 2025/02/11 v3.2a Micro-typographical refinements (RS)

(/usr/share/texlive/texmf-dist/tex/latex/etoolbox/etoolbox.sty
Package: etoolbox 2025/02/11 v2.5l e-TeX tools for LaTeX (JAW)
\etb@tempcnta=\count285
)
\MT@toks=\toks30
\MT@tempbox=\box55
\MT@count=\count286
LaTeX Info: Redefining \noprotrusionifhmode on input line 1087.
LaTeX Info: Redefining \leftprotrusion on input line 1088.
\MT@prot@toks=\toks31
LaTeX Info: Redefining \rightprotrusion on input line 1107.
LaTeX Info: Redefining \textls on input line 1449.
\MT@outer@kern=\dimen153
LaTeX Info: Redefining \microtypecontext on input line 2053.
LaTeX Info: Redefining \textmicrotypecontext on input line 2070.
\MT@listname@count=\count287

(/usr/share/texlive/texmf-dist/tex/latex/microtype/microtype-pdftex.def
File: microtype-pdftex.def 2025/02/11 v3.2a Definitions specific to pdftex (RS)

LaTeX Info: Redefining \lsstyle on input line 944.
LaTeX Info: Redefining \lslig on input line 944.
\MT@outer@space=\skip59
)
Package microtype Info: Loading configuration file microtype.cfg.

(/usr/share/texlive/texmf-dist/tex/latex/microtype/microtype.cfg
File: microtype.cfg 2025/02/11 v3.2a microtype main configuration file (RS)
)
LaTeX Info: Redefining \microtypesetup on input line 3065.
)
(/usr/share/texlive/texmf-dist/tex/latex/booktabs/booktabs.sty
Package: booktabs 2020/01/12 v1.61803398 Publication quality tables
\heavyrulewidth=\dimen154
\lightrulewidth=\dimen155
\cmidrulewidth=\dimen156
\belowrulesep=\dimen157
\belowbottomsep=\dimen158
\aboverulesep=\dimen159
\abovetopsep=\dimen160
\cmidrulesep=\dimen161
\cmidrulekern=\dimen162
\defaultaddspace=\dimen163
\@cmidla=\count288
\@cmidlb=\count289
\@aboverulesep=\dimen164
\@belowrulesep=\dimen165
\@thisruleclass=\count290
\@lastruleclass=\count291
\@thisrulewidth=\dimen166
)
(/usr/share/texlive/texmf-dist/tex/latex/refcount/refcount.sty
Package: refcount 2019/12/15 v3.6 Data extraction from label references (HO)

(/usr/share/texlive/texmf-dist/tex/generic/ltxcmds/ltxcmds.sty
Package: ltxcmds 2023-12-04 v1.26 LaTeX kernel commands for general use (HO)
)
(/usr/share/texlive/texmf-dist/tex/generic/infwarerr/infwarerr.sty
Package: infwarerr 2019/12/03 v1.5 Providing info/warning/error messages (HO)
))
(/usr/share/texlive/texmf-dist/tex/latex/totpages/totpages.sty
Package: totpages 2005/09/19 v2.00 Totpages Package (muewi)

(/usr/share/texlive/texmf-dist/tex/latex/everyshi/everyshi.sty
Package: everyshi 2020/11/18 v4.00 EveryShipout Package
))
(/usr/share/texlive/texmf-dist/tex/latex/environ/environ.sty
Package: environ 2014/05/04 v0.3 A new way to define environments

(/usr/share/texlive/texmf-dist/tex/latex/trimspaces/trimspaces.sty
Package: trimspaces 2009/09/17 v1.1 Trim spaces around a token list
))
(/usr/share/texlive/texmf-dist/tex/latex/textcase/textcase.sty
Package: textcase 2025/02/16 v1.05 Text only upper/lower case changing (DPC)
Package textcase Info: Defining Legacy names on input line 20.
)
\@ACM@acmcp@delta=\dimen167

(/usr/share/texlive/texmf-dist/tex/latex/natbib/natbib.sty
Package: natbib 2010/09/13 8.31b (PWD, AO)
\bibhang=\skip60
\bibsep=\skip61
LaTeX Info: Redefining \cite on input line 694.
\c@NAT@ctr=\count292
)
(/usr/share/texlive/texmf-dist/tex/latex/hyperref/hyperref.sty
Package: hyperref 2024-11-05 v7.01l Hypertext links for LaTeX

(/usr/share/texlive/texmf-dist/tex/latex/kvsetkeys/kvsetkeys.sty
Package: kvsetkeys 2022-10-05 v1.19 Key value parser (HO)
)
(/usr/share/texlive/texmf-dist/tex/generic/kvdefinekeys/kvdefinekeys.sty
Package: kvdefinekeys 2019-12-19 v1.6 Define keys (HO)
)
(/usr/share/texlive/texmf-dist/tex/generic/pdfescape/pdfescape.sty
Package: pdfescape 2019/12/09 v1.15 Implements pdfTeX's escape features (HO)

(/usr/share/texlive/texmf-dist/tex/generic/pdftexcmds/pdftexcmds.sty
Package: pdftexcmds 2020-06-27 v0.33 Utility functions of pdfTeX for LuaTeX (HO
)
Package pdftexcmds Info: \pdf@primitive is available.
Package pdftexcmds Info: \pdf@ifprimitive is available.
Package pdftexcmds Info: \pdfdraftmode found.
))
(/usr/share/texlive/texmf-dist/tex/latex/hycolor/hycolor.sty
Package: hycolor 2020-01-27 v1.10 Color options for hyperref/bookmark (HO)
)
(/usr/share/texlive/texmf-dist/tex/latex/hyperref/nameref.sty
Package: nameref 2023-11-26 v2.56 Cross-referencing by name of section

(/usr/share/texlive/texmf-dist/tex/generic/gettitlestring/gettitlestring.sty
Package: gettitlestring 2019/12/15 v1.6 Cleanup title references (HO)

(/usr/share/texlive/texmf-dist/tex/latex/kvoptions/kvoptions.sty
Package: kvoptions 2022-06-15 v3.15 Key value format for package options (HO)
))
\c@section@level=\count293
)
(/usr/share/texlive/texmf-dist/tex/generic/stringenc/stringenc.sty
Package: stringenc 2019/11/29 v1.12 Convert strings between diff. encodings (HO
)
)
\@linkdim=\dimen168
\Hy@linkcounter=\count294
\Hy@pagecounter=\count295

(/usr/share/texlive/texmf-dist/tex/latex/hyperref/pd1enc.def
File: pd1enc.def 2024-11-05 v7.01l Hyperref: PDFDocEncoding definition (HO)
Now handling font encoding PD1 ...
... no UTF-8 mapping file for font encoding PD1
)
(/usr/share/texlive/texmf-dist/tex/generic/intcalc/intcalc.sty
Package: intcalc 2019/12/15 v1.3 Expandable calculations with integers (HO)
)
\Hy@SavedSpaceFactor=\count296

(/usr/share/texlive/texmf-dist/tex/latex/hyperref/puenc.def
File: puenc.def 2024-11-05 v7.01l Hyperref: PDF Unicode definition (HO)
Now handling font encoding PU ...
... no UTF-8 mapping file for font encoding PU
)
Package hyperref Info: Option `bookmarksnumbered' set `true' on input line 4040
.
Package hyperref Info: Option `unicode' set `true' on input line 4040.
Package hyperref Info: Hyper figures OFF on input line 4157.
Package hyperref Info: Link nesting OFF on input line 4162.
Package hyperref Info: Hyper index ON on input line 4165.
Package hyperref Info: Plain pages OFF on input line 4172.
Package hyperref Info: Backreferencing OFF on input line 4177.
Package hyperref Info: Implicit mode ON; LaTeX internals redefined.
Package hyperref Info: Bookmarks ON on input line 4424.
\c@Hy@tempcnt=\count297

(/usr/share/texlive/texmf-dist/tex/latex/url/url.sty
\Urlmuskip=\muskip18
Package: url 2013/09/16  ver 3.4  Verb mode for urls, etc.
)
LaTeX Info: Redefining \url on input line 4763.
\XeTeXLinkMargin=\dimen169

(/usr/share/texlive/texmf-dist/tex/generic/bitset/bitset.sty
Package: bitset 2019/12/09 v1.3 Handle bit-vector datatype (HO)

(/usr/share/texlive/texmf-dist/tex/generic/bigintcalc/bigintcalc.sty
Package: bigintcalc 2019/12/15 v1.5 Expandable calculations on big integers (HO
)
))
\Fld@menulength=\count298
\Field@Width=\dimen170
\Fld@charsize=\dimen171
Package hyperref Info: Hyper figures OFF on input line 6042.
Package hyperref Info: Link nesting OFF on input line 6047.
Package hyperref Info: Hyper index ON on input line 6050.
Package hyperref Info: backreferencing OFF on input line 6057.
Package hyperref Info: Link coloring OFF on input line 6062.
Package hyperref Info: Link coloring with OCG OFF on input line 6067.
Package hyperref Info: PDF/A mode OFF on input line 6072.

(/usr/share/texlive/texmf-dist/tex/latex/base/atbegshi-ltx.sty
Package: atbegshi-ltx 2021/01/10 v1.0c Emulation of the original atbegshi
package with kernel methods
)
\Hy@abspage=\count299
\c@Item=\count300
\c@Hfootnote=\count301
)
Package hyperref Info: Driver (autodetected): hpdftex.

(/usr/share/texlive/texmf-dist/tex/latex/hyperref/hpdftex.def
File: hpdftex.def 2024-11-05 v7.01l Hyperref driver for pdfTeX

(/usr/share/texlive/texmf-dist/tex/latex/base/atveryend-ltx.sty
Package: atveryend-ltx 2020/08/19 v1.0a Emulation of the original atveryend pac
kage
with kernel methods
)
\Fld@listcount=\count302
\c@bookmark@seq@number=\count303

(/usr/share/texlive/texmf-dist/tex/latex/rerunfilecheck/rerunfilecheck.sty
Package: rerunfilecheck 2022-07-10 v1.10 Rerun checks for auxiliary files (HO)

(/usr/share/texlive/texmf-dist/tex/generic/uniquecounter/uniquecounter.sty
Package: uniquecounter 2019/12/15 v1.4 Provide unlimited unique counter (HO)
)
Package uniquecounter Info: New unique counter `rerunfilecheck' on input line 2
85.
)
\Hy@SectionHShift=\skip62
)
(/usr/share/texlive/texmf-dist/tex/latex/hyperxmp/hyperxmp.sty
Package: hyperxmp 2024/03/17 v5.13 Store hyperref metadata in XMP format
\hyxmp@aep@toks=\toks32

(/usr/share/texlive/texmf-dist/tex/latex/ifmtarg/ifmtarg.sty
Package: ifmtarg 2018/04/16 v1.2b check for an empty argument
)
(/usr/share/texlive/texmf-dist/tex/latex/base/ifthen.sty
Package: ifthen 2024/03/16 v1.1e Standard LaTeX ifthen package (DPC)
)
\@hyxmp@count=\count304

(/usr/share/texlive/texmf-dist/tex/latex/oberdiek/ifdraft.sty
Package: ifdraft 2016/05/16 v1.4 Detect class options draft and final (HO)
)
(/usr/share/texlive/texmf-dist/tex/generic/iftex/ifluatex.sty
Package: ifluatex 2019/10/25 v1.5 ifluatex legacy package. Use iftex instead.
))
(/usr/share/texlive/texmf-dist/tex/latex/graphics/graphicx.sty
Package: graphicx 2021/09/16 v1.2d Enhanced LaTeX Graphics (DPC,SPQR)

(/usr/share/texlive/texmf-dist/tex/latex/graphics/graphics.sty
Package: graphics 2024/08/06 v1.4g Standard LaTeX Graphics (DPC,SPQR)

(/usr/share/texlive/texmf-dist/tex/latex/graphics/trig.sty
Package: trig 2023/12/02 v1.11 sin cos tan (DPC)
)
(/usr/share/texlive/texmf-dist/tex/latex/graphics-cfg/graphics.cfg
File: graphics.cfg 2016/06/04 v1.11 sample graphics configuration
)
Package graphics Info: Driver file: pdftex.def on input line 106.

(/usr/share/texlive/texmf-dist/tex/latex/graphics-def/pdftex.def
File: pdftex.def 2024/04/13 v1.2c Graphics/color driver for pdftex
))
\Gin@req@height=\dimen172
\Gin@req@width=\dimen173
)
(/usr/share/texlive/texmf-dist/tex/latex/xcolor/xcolor.sty
Package: xcolor 2024/09/29 v3.02 LaTeX color extensions (UK)

(/usr/share/texlive/texmf-dist/tex/latex/graphics-cfg/color.cfg
File: color.cfg 2016/01/02 v1.6 sample color configuration
)
Package xcolor Info: Driver file: pdftex.def on input line 274.

(/usr/share/texlive/texmf-dist/tex/latex/graphics/mathcolor.ltx)
Package xcolor Info: Model `cmy' substituted by `cmy0' on input line 1349.
Package xcolor Info: Model `hsb' substituted by `rgb' on input line 1353.
Package xcolor Info: Model `RGB' extended on input line 1365.
Package xcolor Info: Model `HTML' substituted by `rgb' on input line 1367.
Package xcolor Info: Model `Hsb' substituted by `hsb' on input line 1368.
Package xcolor Info: Model `tHsb' substituted by `hsb' on input line 1369.
Package xcolor Info: Model `HSB' substituted by `hsb' on input line 1370.
Package xcolor Info: Model `Gray' substituted by `gray' on input line 1371.
Package xcolor Info: Model `wave' substituted by `hsb' on input line 1372.
)
(/usr/share/texlive/texmf-dist/tex/latex/geometry/geometry.sty
Package: geometry 2020/01/02 v5.9 Page Geometry

(/usr/share/texlive/texmf-dist/tex/generic/iftex/ifvtex.sty
Package: ifvtex 2019/10/25 v1.7 ifvtex legacy package. Use iftex instead.
)
\Gm@cnth=\count305
\Gm@cntv=\count306
\c@Gm@tempcnt=\count307
\Gm@bindingoffset=\dimen174
\Gm@wd@mp=\dimen175
\Gm@odd@mp=\dimen176
\Gm@even@mp=\dimen177
\Gm@layoutwidth=\dimen178
\Gm@layoutheight=\dimen179
\Gm@layouthoffset=\dimen180
\Gm@layoutvoffset=\dimen181
\Gm@dimlist=\toks33
)
(/usr/share/texlive/texmf-dist/tex/latex/ncctools/manyfoot.sty
Package: manyfoot 2019/08/03 v1.11 Many Footnote Levels Package (NCC)

(/usr/share/texlive/texmf-dist/tex/latex/ncctools/nccfoots.sty
Package: nccfoots 2005/02/03 v1.2 NCC Footnotes Package (NCC)
)
\MFL@columnwidth=\dimen182
)
\footinsauthorsaddresses=\insert251
\c@footnoteauthorsaddresses=\count308
\footinscopyrightpermission=\insert250
\c@footnotecopyrightpermission=\count309

(/usr/share/texlive/texmf-dist/tex/generic/pdftex/glyphtounicode.tex)
(/usr/share/texlive/texmf-dist/tex/latex/cmap/cmap.sty
Package: cmap 2021/02/06 v1.0j CMap support: searchable PDF
)
(/usr/share/texlive/texmf-dist/tex/latex/base/fontenc.sty
Package: fontenc 2021/04/29 v2.0v Standard LaTeX package
<<t1.cmap>>)
(/usr/share/texlive/texmf-dist/tex/latex/libertine/libertine.sty
Package: libertine 2024/04/23 (Bob Tennent) Supports Libertine and Biolinum fon
ts for all LaTeX engines.

(/usr/share/texlive/texmf-dist/tex/generic/iftex/ifxetex.sty
Package: ifxetex 2019/10/25 v0.7 ifxetex legacy package. Use iftex instead.
)
(/usr/share/texlive/texmf-dist/tex/latex/base/textcomp.sty
Package: textcomp 2024/04/24 v2.1b Standard LaTeX package
)
(/usr/share/texlive/texmf-dist/tex/latex/base/fontenc.sty
Package: fontenc 2021/04/29 v2.0v Standard LaTeX package
)
(/usr/share/texlive/texmf-dist/tex/latex/fontaxes/fontaxes.sty
Package: fontaxes 2020/07/21 v1.0e Font selection axes
LaTeX Info: Redefining \upshape on input line 29.
LaTeX Info: Redefining \itshape on input line 31.
LaTeX Info: Redefining \slshape on input line 33.
LaTeX Info: Redefining \swshape on input line 35.
LaTeX Info: Redefining \scshape on input line 37.
LaTeX Info: Redefining \sscshape on input line 39.
LaTeX Info: Redefining \ulcshape on input line 41.
LaTeX Info: Redefining \textsw on input line 47.
LaTeX Info: Redefining \textssc on input line 48.
LaTeX Info: Redefining \textulc on input line 49.
)
LaTeX Info: Redefining \oldstylenums on input line 485.

(/usr/share/texlive/texmf-dist/tex/latex/libertine/LinLibertine_I.tex))
(/usr/share/texlive/texmf-dist/tex/latex/inconsolata/zi4.sty
Package: zi4 2019/05/17 v1.12

`inconsolata-zi4' v1.12, 2019/05/17 Text macros for Inconsolata (msharpe)
\zifour@ocount=\count310
)
(/usr/share/texlive/texmf-dist/tex/latex/newtx/newtxmath.sty
Package: newtxmath 2024/09/22 v1.754

`newtxmath' v1.754, 2024/09/22 Math macros based originally on txfonts (msharpe
) (/usr/share/texlive/texmf-dist/tex/latex/oberdiek/centernot.sty
Package: centernot 2016/05/16 v1.4 Centers the not symbol horizontally (HO)
)
\tx@cntz=\count311

(/usr/share/texlive/texmf-dist/tex/generic/kastrup/binhex.tex)
\tx@Isdigit=\count312
\tx@IsAlNum=\count313
\tx@tA=\toks34
\tx@tB=\toks35
\tx@su=\read2

amsthm NOT loaded
LaTeX Font Info:    Redeclaring symbol font `operators' on input line 402.
LaTeX Font Info:    Overwriting symbol font `operators' in version `normal'
(Font)                  OT1/cmr/m/n --> OT1/LinuxLibertineT-TLF/m/n on input li
ne 402.
LaTeX Font Info:    Overwriting symbol font `operators' in version `bold'
(Font)                  OT1/cmr/bx/n --> OT1/LinuxLibertineT-TLF/m/n on input l
ine 402.
LaTeX Font Info:    Overwriting symbol font `operators' in version `bold'
(Font)                  OT1/LinuxLibertineT-TLF/m/n --> OT1/LinuxLibertineT-TLF
/sb/n on input line 403.
LaTeX Font Info:    Redeclaring math alphabet \mathsf on input line 410.
LaTeX Font Info:    Overwriting math alphabet `\mathsf' in version `normal'
(Font)                  OT1/cmss/m/n --> OT1/LinuxBiolinumT-TLF/m/n on input li
ne 410.
LaTeX Font Info:    Overwriting math alphabet `\mathsf' in version `bold'
(Font)                  OT1/cmss/bx/n --> OT1/LinuxBiolinumT-TLF/m/n on input l
ine 410.
LaTeX Font Info:    Overwriting math alphabet `\mathsf' in version `bold'
(Font)                  OT1/LinuxBiolinumT-TLF/m/n --> OT1/LinuxBiolinumT-TLF/b
/n on input line 412.
LaTeX Font Info:    Redeclaring math alphabet \mathit on input line 419.
LaTeX Font Info:    Overwriting math alphabet `\mathit' in version `normal'
(Font)                  OT1/cmr/m/it --> OT1/LinuxLibertineT-TLF/m/it on input 
line 419.
LaTeX Font Info:    Overwriting math alphabet `\mathit' in version `bold'
(Font)                  OT1/cmr/bx/it --> OT1/LinuxLibertineT-TLF/m/it on input
 line 419.
LaTeX Font Info:    Redeclaring math alphabet \mathtt on input line 420.
LaTeX Font Info:    Overwriting math alphabet `\mathtt' in version `normal'
(Font)                  OT1/cmtt/m/n --> T1/zi4/m/n on input line 420.
LaTeX Font Info:    Overwriting math alphabet `\mathtt' in version `bold'
(Font)                  OT1/cmtt/m/n --> T1/zi4/m/n on input line 420.
LaTeX Font Info:    Redeclaring math alphabet \mathbf on input line 422.
LaTeX Font Info:    Overwriting math alphabet `\mathbf' in version `normal'
(Font)                  OT1/cmr/bx/n --> OT1/LinuxLibertineT-TLF/sb/n on input 
line 422.
LaTeX Font Info:    Overwriting math alphabet `\mathbf' in version `bold'
(Font)                  OT1/cmr/bx/n --> OT1/LinuxLibertineT-TLF/sb/n on input 
line 422.
LaTeX Font Info:    Overwriting math alphabet `\mathit' in version `bold'
(Font)                  OT1/LinuxLibertineT-TLF/m/it --> OT1/LinuxLibertineT-TL
F/sb/it on input line 423.
LaTeX Font Info:    Overwriting math alphabet `\mathtt' in version `bold'
(Font)                  T1/zi4/m/n --> T1/zi4/b/n on input line 426.
LaTeX Font Info:    Redeclaring symbol font `letters' on input line 444.
LaTeX Font Info:    Overwriting symbol font `letters' in version `normal'
(Font)                  OML/cmm/m/it --> OML/nxlmi/m/it on input line 444.
LaTeX Font Info:    Overwriting symbol font `letters' in version `bold'
(Font)                  OML/cmm/b/it --> OML/nxlmi/m/it on input line 444.
LaTeX Font Info:    Overwriting symbol font `letters' in version `bold'
(Font)                  OML/nxlmi/m/it --> OML/nxlmi/b/it on input line 445.
\symlettersA=\mathgroup6
LaTeX Font Info:    Overwriting symbol font `lettersA' in version `bold'
(Font)                  U/ntxmia/m/it --> U/ntxmia/b/it on input line 582.
LaTeX Font Info:    Redeclaring math alphabet \mathfrak on input line 584.
Now handling font encoding LMS ...
... no UTF-8 mapping file for font encoding LMS
LaTeX Font Info:    Redeclaring symbol font `symbols' on input line 604.
LaTeX Font Info:    Encoding `OMS' has changed to `LMS' for symbol font
(Font)              `symbols' in the math version `normal' on input line 604.
LaTeX Font Info:    Overwriting symbol font `symbols' in version `normal'
(Font)                  OMS/cmsy/m/n --> LMS/ntxsy/m/n on input line 604.
LaTeX Font Info:    Encoding `OMS' has changed to `LMS' for symbol font
(Font)              `symbols' in the math version `bold' on input line 604.
LaTeX Font Info:    Overwriting symbol font `symbols' in version `bold'
(Font)                  OMS/cmsy/b/n --> LMS/ntxsy/m/n on input line 604.
LaTeX Font Info:    Overwriting symbol font `symbols' in version `bold'
(Font)                  LMS/ntxsy/m/n --> LMS/ntxsy/b/n on input line 605.
\symAMSm=\mathgroup7
LaTeX Font Info:    Overwriting symbol font `AMSm' in version `bold'
(Font)                  U/ntxsym/m/n --> U/ntxsym/b/n on input line 630.
\symsymbolsC=\mathgroup8
LaTeX Font Info:    Overwriting symbol font `symbolsC' in version `bold'
(Font)                  U/ntxsyc/m/n --> U/ntxsyc/b/n on input line 651.
Now handling font encoding LMX ...
... no UTF-8 mapping file for font encoding LMX
LaTeX Font Info:    Redeclaring symbol font `largesymbols' on input line 664.
LaTeX Font Info:    Encoding `OMX' has changed to `LMX' for symbol font
(Font)              `largesymbols' in the math version `normal' on input line 6
64.
LaTeX Font Info:    Overwriting symbol font `largesymbols' in version `normal'
(Font)                  OMX/cmex/m/n --> LMX/ntxexx/m/n on input line 664.
LaTeX Font Info:    Encoding `OMX' has changed to `LMX' for symbol font
(Font)              `largesymbols' in the math version `bold' on input line 664
.
LaTeX Font Info:    Overwriting symbol font `largesymbols' in version `bold'
(Font)                  OMX/cmex/m/n --> LMX/ntxexx/m/n on input line 664.
LaTeX Font Info:    Overwriting symbol font `largesymbols' in version `bold'
(Font)                  LMX/ntxexx/m/n --> LMX/ntxexx/b/n on input line 665.
\symlargesymbolsTXA=\mathgroup9
LaTeX Font Info:    Overwriting symbol font `largesymbolsTXA' in version `bold'

(Font)                  U/ntxexa/m/n --> U/ntxexa/b/n on input line 679.
\tx@sbptoks=\toks36
LaTeX Font Info:    Redeclaring math delimiter \lfloor on input line 902.
LaTeX Font Info:    Redeclaring math delimiter \rfloor on input line 903.
LaTeX Font Info:    Redeclaring math delimiter \lceil on input line 904.
LaTeX Font Info:    Redeclaring math delimiter \rceil on input line 905.
LaTeX Font Info:    Redeclaring math delimiter \lbrace on input line 910.
LaTeX Font Info:    Redeclaring math delimiter \rbrace on input line 911.
LaTeX Font Info:    Redeclaring math delimiter \langle on input line 913.
LaTeX Font Info:    Redeclaring math delimiter \rangle on input line 915.
LaTeX Font Info:    Redeclaring math delimiter \arrowvert on input line 919.
LaTeX Font Info:    Redeclaring math delimiter \vert on input line 920.
LaTeX Font Info:    Redeclaring math accent \dot on input line 991.
LaTeX Font Info:    Redeclaring math accent \ddot on input line 992.
LaTeX Font Info:    Redeclaring math accent \vec on input line 2057.
LaTeX Info: Redefining \Bbbk on input line 2847.
LaTeX Info: Redefining \not on input line 2995.
LaTeX Info: Redefining \textsquare on input line 3025.
LaTeX Info: Redefining \openbox on input line 3027.
) (/usr/share/texlive/texmf-dist/tex/latex/caption/caption.sty
Package: caption 2023/08/05 v3.6o Customizing captions (AR)

(/usr/share/texlive/texmf-dist/tex/latex/caption/caption3.sty
Package: caption3 2023/07/31 v2.4d caption3 kernel (AR)
\caption@tempdima=\dimen183
\captionmargin=\dimen184
\caption@leftmargin=\dimen185
\caption@rightmargin=\dimen186
\caption@width=\dimen187
\caption@indent=\dimen188
\caption@parindent=\dimen189
\caption@hangindent=\dimen190
Package caption Info: AMS or SMF document class detected.

(/usr/share/texlive/texmf-dist/tex/latex/caption/caption-ams-smf.sto
File: caption-ams-smf.sto 2020/08/22 v2.0 Adaption of the caption package to th
e AMS and SMF document classes (AR)
))
\c@caption@flags=\count314
\c@continuedfloat=\count315
Package caption Info: hyperref package is loaded.
)
(/usr/share/texlive/texmf-dist/tex/latex/float/float.sty
Package: float 2001/11/08 v1.3d Float enhancements (AL)
\c@float@type=\count316
\float@exts=\toks37
\float@box=\box56
\@float@everytoks=\toks38
\@floatcapt=\box57
)
\@float@every@sidebar=\toks39
\c@sidebar=\count317
\fulltextwidth=\dimen191
\@ACM@labelwidth=\dimen192
\listisep=\skip63
\num@authorgroups=\count318
\num@authors=\count319
\@ACM@badge@width=\skip64
\@ACM@title@width=\skip65
\@ACM@badge@skip=\skip66
Class acmart Info: Printing CCS on input line 1805.
Class acmart Info: Printing bibformat on input line 1805.
Class acmart Info: Printing folios on input line 1810.
Class acmart Info: Setting authorsperrow to 0 on input line 1815.

(/usr/share/texlive/texmf-dist/tex/latex/comment/comment.sty
\CommentStream=\write3

Excluding comment 'comment') Excluding comment 'CCSXML'
\c@@concepts=\count320
\mktitle@bx=\box58
\@ACM@acmcpbox=\box59
\@ACM@commabox=\box60
\author@bx=\box61
\author@bx@wd=\dimen193
\author@bx@sep=\skip67

(/usr/share/texlive/texmf-dist/tex/latex/fancyhdr/fancyhdr.sty
Package: fancyhdr 2025/02/07 v5.2 Extensive control of page headers and footers

\f@nch@headwidth=\skip68
\f@nch@offset@elh=\skip69
\f@nch@offset@erh=\skip70
\f@nch@offset@olh=\skip71
\f@nch@offset@orh=\skip72
\f@nch@offset@elf=\skip73
\f@nch@offset@erf=\skip74
\f@nch@offset@olf=\skip75
\f@nch@offset@orf=\skip76
\f@nch@height=\skip77
\f@nch@footalignment=\skip78
\f@nch@widthL=\skip79
\f@nch@widthC=\skip80
\f@nch@widthR=\skip81
\@temptokenb=\toks40
)
Special comment 'acks'
LaTeX Font Info:    Trying to load font information for T1+LinuxLibertineT-TLF 
on input line 3584.

(/usr/share/texlive/texmf-dist/tex/latex/libertine/T1LinuxLibertineT-TLF.fd
File: T1LinuxLibertineT-TLF.fd 2017/03/20 (autoinst) Font definitions for T1/Li
nuxLibertineT-TLF.
)
LaTeX Font Info:    Font shape `T1/LinuxLibertineT-TLF/m/n' will be
(Font)              scaled to size 10.0pt on input line 3584.
)
Class acmart Info: Using journal code pacmmod on input line 52.

(/usr/share/texlive/texmf-dist/tex/latex/paralist/paralist.sty
Package: paralist 2017/01/22 v2.7 Extended list environments
\pltopsep=\skip82
\plpartopsep=\skip83
\plitemsep=\skip84
\plparsep=\skip85
\pl@lab=\toks41
)
(/usr/share/texlive/texmf-dist/tex/latex/enumitem/enumitem.sty
Package: enumitem 2025/02/06 v3.11 Customized lists
\enitkv@toks@=\toks42
\labelindent=\skip86
\enit@outerparindent=\dimen194
\enit@toks=\toks43
\enit@inbox=\box62
\enit@count@id=\count321
\enitdp@description=\count322
)
(/usr/share/texlive/texmf-dist/tex/latex/listings/listings.sty
\lst@mode=\count323
\lst@gtempboxa=\box63
\lst@token=\toks44
\lst@length=\count324
\lst@currlwidth=\dimen195
\lst@column=\count325
\lst@pos=\count326
\lst@lostspace=\dimen196
\lst@width=\dimen197
\lst@newlines=\count327
\lst@lineno=\count328
\lst@maxwidth=\dimen198

(/usr/share/texlive/texmf-dist/tex/latex/listings/lstpatch.sty
File: lstpatch.sty 2024/09/23 1.10c (Carsten Heinz)
)
(/usr/share/texlive/texmf-dist/tex/latex/listings/lstmisc.sty
File: lstmisc.sty 2024/09/23 1.10c (Carsten Heinz)
\c@lstnumber=\count329
\lst@skipnumbers=\count330
\lst@framebox=\box64
)
(/usr/share/texlive/texmf-dist/tex/latex/listings/listings.cfg
File: listings.cfg 2024/09/23 1.10c listings configuration
))
Package: listings 2024/09/23 1.10c (Carsten Heinz)

(/usr/share/texlive/texmf-dist/tex/latex/multirow/multirow.sty
Package: multirow 2024/11/12 v2.9 Span multiple rows of a table
\multirow@colwidth=\skip87
\multirow@cntb=\count331
\multirow@dima=\skip88
\bigstrutjot=\dimen199
)
(/usr/share/texlive/texmf-dist/tex/latex/tools/verbatim.sty
Package: verbatim 2024-01-22 v1.5x LaTeX2e package for verbatim enhancements
\every@verbatim=\toks45
\verbatim@line=\toks46
\verbatim@in@stream=\read3
)
(/usr/share/texlive/texmf-dist/tex/latex/caption/subcaption.sty
Package: subcaption 2023/07/28 v1.6b Sub-captions (AR)
Package caption Info: New subtype `subfigure' on input line 238.
\c@subfigure=\count332
Package caption Info: New subtype `subtable' on input line 238.
\c@subtable=\count333
)
(/usr/share/texlive/texmf-dist/tex/latex/adjustbox/adjustbox.sty
Package: adjustbox 2025/02/26 v1.3c Adjusting TeX boxes (trim, clip, ...)

(/usr/share/texlive/texmf-dist/tex/latex/adjustbox/adjcalc.sty
Package: adjcalc 2012/05/16 v1.1 Provides advanced setlength with multiple back
-ends (calc, etex, pgfmath)
)
(/usr/share/texlive/texmf-dist/tex/latex/adjustbox/trimclip.sty
Package: trimclip 2025/02/21 v1.2a Trim and clip general TeX material

(/usr/share/texlive/texmf-dist/tex/latex/collectbox/collectbox.sty
Package: collectbox 2022/10/17 v0.4c Collect macro arguments as boxes
\collectedbox=\box65
)
\tc@llx=\dimen256
\tc@lly=\dimen257
\tc@urx=\dimen258
\tc@ury=\dimen259
Package trimclip Info: Using driver 'tc-pdftex.def'.

(/usr/share/texlive/texmf-dist/tex/latex/adjustbox/tc-pdftex.def
File: tc-pdftex.def 2025/02/26 v2.3 Clipping driver for pdftex
))
\adjbox@Width=\dimen260
\adjbox@Height=\dimen261
\adjbox@Depth=\dimen262
\adjbox@Totalheight=\dimen263
\adjbox@pwidth=\dimen264
\adjbox@pheight=\dimen265
\adjbox@pdepth=\dimen266
\adjbox@ptotalheight=\dimen267

(/usr/share/texlive/texmf-dist/tex/latex/ifoddpage/ifoddpage.sty
Package: ifoddpage 2022/10/18 v1.2 Conditionals for odd/even page detection
\c@checkoddpage=\count334
)
(/usr/share/texlive/texmf-dist/tex/latex/varwidth/varwidth.sty
Package: varwidth 2009/03/30 ver 0.92;  Variable-width minipages
\@vwid@box=\box66
\sift@deathcycles=\count335
\@vwid@loff=\dimen268
\@vwid@roff=\dimen269
))
(/usr/share/texlive/texmf-dist/tex/latex/algorithm2e/algorithm2e.sty
Package: algorithm2e 2017/07/18 v5.2 algorithms environments
\c@AlgoLine=\count336
\algocf@hangindent=\skip89

(/usr/share/texlive/texmf-dist/tex/latex/tools/xspace.sty
Package: xspace 2014/10/28 v1.13 Space after command names (DPC,MH)
)
(/usr/share/texlive/texmf-dist/tex/latex/relsize/relsize.sty
Package: relsize 2013/03/29 ver 4.1
LaTeX Info: Redefining \larger on input line 150.
LaTeX Info: Redefining \smaller on input line 151.
)
\skiptotal=\skip90
\skiplinenumber=\skip91
\skiprule=\skip92
\skiphlne=\skip93
\skiptext=\skip94
\skiplength=\skip95
\algomargin=\skip96
\skipalgocfslide=\skip97
\algowidth=\dimen270
\inoutsize=\dimen271
\inoutindent=\dimen272
\interspacetitleruled=\dimen273
\interspacealgoruled=\dimen274
\interspacetitleboxruled=\dimen275
\algocf@ruledwidth=\skip98
\algocf@inoutbox=\box67
\algocf@inputbox=\box68
\AlCapSkip=\skip99
\AlCapHSkip=\skip100
\algoskipindent=\skip101
\algocf@nlbox=\box69
\algocf@hangingbox=\box70
\algocf@untilbox=\box71
\algocf@skipuntil=\skip102
\algocf@capbox=\box72
\algocf@lcaptionbox=\skip103
\algoheightruledefault=\skip104
\algoheightrule=\skip105
\algotitleheightruledefault=\skip106
\algotitleheightrule=\skip107
\c@algocfline=\count337
\c@algocfproc=\count338
\c@algocf=\count339
\algocf@algoframe=\box73
\algocf@algobox=\box74
)
\SOUL@dimen=\dimen276
\c@corollary=\count340
\c@problem=\count341
\c@lemma=\count342
\c@definition=\count343
\c@example=\count344
\c@property=\count345
\c@theorem=\count346
Package hyperref Info: Option `pdfdisplaydoctitle' set `true' on input line 194
.

Excluding comment 'screenonly' Include comment 'printonly'
Include comment 'anonsuppress'
(/usr/share/texlive/texmf-dist/tex/latex/l3backend/l3backend-pdftex.def
File: l3backend-pdftex.def 2024-05-08 L3 backend support: PDF output (pdfTeX)
\l__color_backend_stack_int=\count347
\l__pdf_internal_box=\box75
)
(./summarySelector_sigmod25_cameraReady.aux)
\openout1 = `summarySelector_sigmod25_cameraReady.aux'.

LaTeX Font Info:    Checking defaults for OML/nxlmi/m/it on input line 194.
LaTeX Font Info:    Trying to load font information for OML+nxlmi on input line
 194.

(/usr/share/texlive/texmf-dist/tex/latex/newtx/omlnxlmi.fd
File: omlnxlmi.fd 2013/11/19 Fontinst v1.933 font definitions for OML/nxlmi.
)
LaTeX Font Info:    ... okay on input line 194.
LaTeX Font Info:    Checking defaults for OMS/cmsy/m/n on input line 194.
LaTeX Font Info:    ... okay on input line 194.
LaTeX Font Info:    Checking defaults for OT1/cmr/m/n on input line 194.
LaTeX Font Info:    ... okay on input line 194.
LaTeX Font Info:    Checking defaults for T1/cmr/m/n on input line 194.
LaTeX Font Info:    ... okay on input line 194.
LaTeX Font Info:    Checking defaults for TS1/cmr/m/n on input line 194.
LaTeX Font Info:    ... okay on input line 194.
LaTeX Font Info:    Checking defaults for OMX/cmex/m/n on input line 194.
LaTeX Font Info:    ... okay on input line 194.
LaTeX Font Info:    Checking defaults for U/ntxexa/m/n on input line 194.
LaTeX Font Info:    Trying to load font information for U+ntxexa on input line 
194.

(/usr/share/texlive/texmf-dist/tex/latex/newtx/untxexa.fd
File: untxexa.fd 2012/04/16 Fontinst v1.933 font definitions for U/ntxexa.
)
LaTeX Font Info:    ... okay on input line 194.
LaTeX Font Info:    Checking defaults for PD1/pdf/m/n on input line 194.
LaTeX Font Info:    ... okay on input line 194.
LaTeX Font Info:    Checking defaults for PU/pdf/m/n on input line 194.
LaTeX Font Info:    ... okay on input line 194.
LaTeX Font Info:    Checking defaults for LMS/ntxsy/m/n on input line 194.
LaTeX Font Info:    Trying to load font information for LMS+ntxsy on input line
 194.

(/usr/share/texlive/texmf-dist/tex/latex/newtx/lmsntxsy.fd
File: lmsntxsy.fd 2016/07/02 Fontinst v1.933 font definitions for LMS/ntxsy.
)
LaTeX Font Info:    ... okay on input line 194.
LaTeX Font Info:    Checking defaults for LMX/ntxexx/m/n on input line 194.
LaTeX Font Info:    Trying to load font information for LMX+ntxexx on input lin
e 194.

(/usr/share/texlive/texmf-dist/tex/latex/newtx/lmxntxexx.fd
File: lmxntxexx.fd 2016/07/03 Fontinst v1.933 font definitions for LMX/ntxexx.
)
LaTeX Font Info:    ... okay on input line 194.
LaTeX Font Info:    Font shape `T1/LinuxLibertineT-TLF/m/n' will be
(Font)              scaled to size 8.0pt on input line 194.
LaTeX Font Info:    Trying to load font information for OT1+LinuxLibertineT-TLF
 on input line 194.

(/usr/share/texlive/texmf-dist/tex/latex/libertine/OT1LinuxLibertineT-TLF.fd
File: OT1LinuxLibertineT-TLF.fd 2017/03/20 (autoinst) Font definitions for OT1/
LinuxLibertineT-TLF.
)
LaTeX Font Info:    Font shape `OT1/LinuxLibertineT-TLF/m/n' will be
(Font)              scaled to size 8.0pt on input line 194.
<<ot1.cmap>>
LaTeX Font Info:    Font shape `OT1/LinuxLibertineT-TLF/m/n' will be
(Font)              scaled to size 6.0pt on input line 194.
LaTeX Font Info:    Font shape `OT1/LinuxLibertineT-TLF/m/n' will be
(Font)              scaled to size 5.5pt on input line 194.
LaTeX Font Info:    Font shape `OML/nxlmi/m/it' will be
(Font)              scaled to size 8.0pt on input line 194.
<<oml.cmap>>
LaTeX Font Info:    Font shape `OML/nxlmi/m/it' will be
(Font)              scaled to size 6.0pt on input line 194.
LaTeX Font Info:    Font shape `OML/nxlmi/m/it' will be
(Font)              scaled to size 5.5pt on input line 194.
LaTeX Font Info:    Font shape `LMS/ntxsy/m/n' will be
(Font)              scaled to size 8.0pt on input line 194.
LaTeX Font Info:    Font shape `LMS/ntxsy/m/n' will be
(Font)              scaled to size 6.0pt on input line 194.
LaTeX Font Info:    Font shape `LMS/ntxsy/m/n' will be
(Font)              scaled to size 5.5pt on input line 194.
LaTeX Font Info:    Font shape `LMX/ntxexx/m/n' will be
(Font)              scaled to size 8.0pt on input line 194.
LaTeX Font Info:    Font shape `LMX/ntxexx/m/n' will be
(Font)              scaled to size 6.0pt on input line 194.
LaTeX Font Info:    Font shape `LMX/ntxexx/m/n' will be
(Font)              scaled to size 5.5pt on input line 194.
LaTeX Font Info:    Trying to load font information for U+msa on input line 194
.

(/usr/share/texlive/texmf-dist/tex/latex/amsfonts/umsa.fd
File: umsa.fd 2013/01/14 v3.01 AMS symbols A
)
LaTeX Font Info:    Trying to load font information for U+msb on input line 194
.

(/usr/share/texlive/texmf-dist/tex/latex/amsfonts/umsb.fd
File: umsb.fd 2013/01/14 v3.01 AMS symbols B
)
LaTeX Font Info:    Trying to load font information for U+ntxmia on input line 
194.

(/usr/share/texlive/texmf-dist/tex/latex/newtx/untxmia.fd
File: untxmia.fd 2024/04/09 Fontinst v1.933 font definitions for U/ntxmia.
)
LaTeX Font Info:    Font shape `U/ntxmia/m/it' will be
(Font)              scaled to size 8.0pt on input line 194.
LaTeX Font Info:    Font shape `U/ntxmia/m/it' will be
(Font)              scaled to size 6.0pt on input line 194.
LaTeX Font Info:    Font shape `U/ntxmia/m/it' will be
(Font)              scaled to size 5.5pt on input line 194.
LaTeX Font Info:    Trying to load font information for U+ntxsym on input line 
194.

(/usr/share/texlive/texmf-dist/tex/latex/newtx/untxsym.fd
File: untxsym.fd 2023/08/16 Fontinst v1.933 font definitions for U/ntxsym.
)
LaTeX Font Info:    Font shape `U/ntxsym/m/n' will be
(Font)              scaled to size 8.0pt on input line 194.
LaTeX Font Info:    Font shape `U/ntxsym/m/n' will be
(Font)              scaled to size 6.0pt on input line 194.
LaTeX Font Info:    Font shape `U/ntxsym/m/n' will be
(Font)              scaled to size 5.5pt on input line 194.
LaTeX Font Info:    Trying to load font information for U+ntxsyc on input line 
194.

(/usr/share/texlive/texmf-dist/tex/latex/newtx/untxsyc.fd
File: untxsyc.fd 2012/04/12 Fontinst v1.933 font definitions for U/ntxsyc.
)
LaTeX Font Info:    Font shape `U/ntxsyc/m/n' will be
(Font)              scaled to size 8.0pt on input line 194.
LaTeX Font Info:    Font shape `U/ntxsyc/m/n' will be
(Font)              scaled to size 6.0pt on input line 194.
LaTeX Font Info:    Font shape `U/ntxsyc/m/n' will be
(Font)              scaled to size 5.5pt on input line 194.
LaTeX Font Info:    Font shape `U/ntxexa/m/n' will be
(Font)              scaled to size 8.0pt on input line 194.
LaTeX Font Info:    Font shape `U/ntxexa/m/n' will be
(Font)              scaled to size 6.0pt on input line 194.
LaTeX Font Info:    Font shape `U/ntxexa/m/n' will be
(Font)              scaled to size 5.5pt on input line 194.
LaTeX Info: Command `\dddot' is already robust on input line 194.
LaTeX Info: Command `\ddddot' is already robust on input line 194.
Package microtype Info: Patching varwidth to enable character protrusion.
\MT@vwid@leftmargin=\dimen277
\MT@vwid@rightmargin=\dimen278
LaTeX Info: Redefining \microtypecontext on input line 194.
Package microtype Info: Applying patch `item' on input line 194.
Package microtype Info: Applying patch `toc' on input line 194.
Package microtype Info: Applying patch `eqnum' on input line 194.
Package microtype Info: Applying patch `footnote' on input line 194.
Package microtype Info: Applying patch `verbatim' on input line 194.
LaTeX Info: Redefining \microtypesetup on input line 194.
Package microtype Info: Generating PDF output.
Package microtype Info: Character protrusion enabled (level 2).
Package microtype Info: Using default protrusion set `alltext'.
Package microtype Info: Automatic font expansion enabled (level 2),
(microtype)             stretch: 20, shrink: 20, step: 1, non-selected.
Package microtype Info: Using default expansion set `alltext-nott'.
LaTeX Info: Redefining \showhyphens on input line 194.
Package microtype Info: No adjustment of tracking.
Package microtype Info: No adjustment of interword spacing.
Package microtype Info: No adjustment of character kerning.
Package microtype Info: Loading generic protrusion settings for font family
(microtype)             `LinuxLibertineT-TLF' (encoding: T1).
(microtype)             For optimal results, create family-specific settings.
(microtype)             See the microtype manual for details.
Package hyperref Info: Link coloring OFF on input line 194.

(./summarySelector_sigmod25_cameraReady.out)
(./summarySelector_sigmod25_cameraReady.out)
\@outlinefile=\write4
\openout4 = `summarySelector_sigmod25_cameraReady.out'.


(/usr/share/texlive/texmf-dist/tex/context/base/mkii/supp-pdf.mkii
[Loading MPS to PDF converter (version 2006.09.02).]
\scratchcounter=\count348
\scratchdimen=\dimen279
\scratchbox=\box76
\nofMPsegments=\count349
\nofMParguments=\count350
\everyMPshowfont=\toks47
\MPscratchCnt=\count351
\MPscratchDim=\dimen280
\MPnumerator=\count352
\makeMPintoPDFobject=\count353
\everyMPtoPDFconversion=\toks48
) (/usr/share/texlive/texmf-dist/tex/latex/epstopdf-pkg/epstopdf-base.sty
Package: epstopdf-base 2020-01-24 v2.11 Base part for package epstopdf
Package epstopdf-base Info: Redefining graphics rule for `.eps' on input line 4
85.

(/usr/share/texlive/texmf-dist/tex/latex/latexconfig/epstopdf-sys.cfg
File: epstopdf-sys.cfg 2010/07/13 v1.3 Configuration of (r)epstopdf for TeX Liv
e
))
*geometry* driver: auto-detecting
*geometry* detected driver: pdftex
*geometry* verbose mode - [ preamble ] result:
* driver: pdftex
* paper: custom
* layout: <same size as paper>
* layoutoffset:(h,v)=(0.0pt,0.0pt)
* modes: includehead includefoot twoside heightrounded 
* h-part:(L,W,R)=(46.0pt, 395.8225pt, 46.0pt)
* v-part:(T,H,B)=(58.0pt, 620.7pt, 44.0pt)
* \paperwidth=487.8225pt
* \paperheight=722.7pt
* \textwidth=395.8225pt
* \textheight=574.0pt
* \oddsidemargin=-26.26999pt
* \evensidemargin=-26.26999pt
* \topmargin=-14.26999pt
* \headheight=13.0pt
* \headsep=14.0pt
* \topskip=10.0pt
* \footskip=24.0pt
* \marginparwidth=24.0pt
* \marginparsep=11.0pt
* \columnsep=10.0pt
* \skip\footins=7.0pt plus 11.0pt
* \hoffset=0.0pt
* \voffset=0.0pt
* \mag=1000
* \@twocolumnfalse
* \@twosidetrue
* \@mparswitchtrue
* \@reversemarginfalse
* (1in=72.27pt=25.4mm, 1cm=28.453pt)

\c@mv@tabular=\count354
\c@mv@boldtabular=\count355
(/usr/share/texlive/texmf-dist/tex/latex/upquote/upquote.sty
Package: upquote 2012/04/19 v1.3 upright-quote and grave-accent glyphs in verba
tim
)
Package caption Info: Begin \AtBeginDocument code.
Package caption Info: float package is loaded.
Package caption Info: listings package is loaded.
Package caption Info: End \AtBeginDocument code.
\c@lstlisting=\count356

Excluding 'CCSXML' comment. (./sec/sigmod25_cameraReady/evaluation.tex
<../runs/effectiveness/Figure6a_changing_summary_time_window_sizes/plots/summar
y_time_window_comparison.pdf, id=23, 462.52798pt x 346.89601pt>
File: ../runs/effectiveness/Figure6a_changing_summary_time_window_sizes/plots/s
ummary_time_window_comparison.pdf Graphic file (type pdf)
<use ../runs/effectiveness/Figure6a_changing_summary_time_window_sizes/plots/su
mmary_time_window_comparison.pdf>
Package pdftex.def Info: ../runs/effectiveness/Figure6a_changing_summary_time_w
indow_sizes/plots/summary_time_window_comparison.pdf  used on input line 8.
(pdftex.def)             Requested size: 154.37053pt x 115.77815pt.
LaTeX Font Info:    Font shape `T1/LinuxLibertineT-TLF/m/n' will be
(Font)              scaled to size 9.0pt on input line 10.
LaTeX Font Info:    Trying to load font information for T1+LinuxBiolinumT-TLF o
n input line 10.

(/usr/share/texlive/texmf-dist/tex/latex/libertine/T1LinuxBiolinumT-TLF.fd
File: T1LinuxBiolinumT-TLF.fd 2017/03/20 (autoinst) Font definitions for T1/Lin
uxBiolinumT-TLF.
)
LaTeX Font Info:    Font shape `T1/LinuxBiolinumT-TLF/m/n' will be
(Font)              scaled to size 9.0pt on input line 10.
Package microtype Info: Loading generic protrusion settings for font family
(microtype)             `LinuxBiolinumT-TLF' (encoding: T1).
(microtype)             For optimal results, create family-specific settings.
(microtype)             See the microtype manual for details.
<../runs/effectiveness/Figure6b_changing_probability_distribution/plots/probabi
lity_distribution_plot_uni_norm.pdf, id=24, 462.52798pt x 346.89601pt>
File: ../runs/effectiveness/Figure6b_changing_probability_distribution/plots/pr
obability_distribution_plot_uni_norm.pdf Graphic file (type pdf)
<use ../runs/effectiveness/Figure6b_changing_probability_distribution/plots/pro
bability_distribution_plot_uni_norm.pdf>
Package pdftex.def Info: ../runs/effectiveness/Figure6b_changing_probability_di
stribution/plots/probability_distribution_plot_uni_norm.pdf  used on input line
 16.
(pdftex.def)             Requested size: 154.37053pt x 115.77815pt.
LaTeX Font Info:    Font shape `T1/LinuxBiolinumT-TLF/m/n' will be
(Font)              scaled to size 10.0pt on input line 23.
LaTeX Font Info:    Font shape `OT1/LinuxLibertineT-TLF/m/n' will be
(Font)              scaled to size 9.0pt on input line 23.
Package microtype Info: Loading generic protrusion settings for font family
(microtype)             `LinuxLibertineT-TLF' (encoding: OT1).
(microtype)             For optimal results, create family-specific settings.
(microtype)             See the microtype manual for details.
LaTeX Font Info:    Font shape `OT1/LinuxLibertineT-TLF/m/n' will be
(Font)              scaled to size 6.6pt on input line 23.
LaTeX Font Info:    Font shape `OML/nxlmi/m/it' will be
(Font)              scaled to size 9.0pt on input line 23.
LaTeX Font Info:    Font shape `OML/nxlmi/m/it' will be
(Font)              scaled to size 6.6pt on input line 23.
LaTeX Font Info:    Font shape `LMS/ntxsy/m/n' will be
(Font)              scaled to size 9.0pt on input line 23.
LaTeX Font Info:    Font shape `LMS/ntxsy/m/n' will be
(Font)              scaled to size 6.6pt on input line 23.
LaTeX Font Info:    Font shape `LMX/ntxexx/m/n' will be
(Font)              scaled to size 9.0pt on input line 23.
LaTeX Font Info:    Font shape `LMX/ntxexx/m/n' will be
(Font)              scaled to size 6.6pt on input line 23.

(/usr/share/texlive/texmf-dist/tex/latex/microtype/mt-msa.cfg
File: mt-msa.cfg 2006/02/04 v1.1 microtype config. file: AMS symbols (a) (RS)
)
(/usr/share/texlive/texmf-dist/tex/latex/microtype/mt-msb.cfg
File: mt-msb.cfg 2005/06/01 v1.0 microtype config. file: AMS symbols (b) (RS)
)
LaTeX Font Info:    Font shape `U/ntxmia/m/it' will be
(Font)              scaled to size 9.0pt on input line 23.
LaTeX Font Info:    Font shape `U/ntxmia/m/it' will be
(Font)              scaled to size 6.6pt on input line 23.
LaTeX Font Info:    Font shape `U/ntxsym/m/n' will be
(Font)              scaled to size 9.0pt on input line 23.
LaTeX Font Info:    Font shape `U/ntxsym/m/n' will be
(Font)              scaled to size 6.6pt on input line 23.
LaTeX Font Info:    Font shape `U/ntxsyc/m/n' will be
(Font)              scaled to size 9.0pt on input line 23.
LaTeX Font Info:    Font shape `U/ntxsyc/m/n' will be
(Font)              scaled to size 6.6pt on input line 23.
LaTeX Font Info:    Font shape `U/ntxexa/m/n' will be
(Font)              scaled to size 9.0pt on input line 23.
LaTeX Font Info:    Font shape `U/ntxexa/m/n' will be
(Font)              scaled to size 6.6pt on input line 23.


Class acmart Warning: A possible image without description on input line 26.

<../runs/effectiveness/Figure7a_ablation_study/plots/ablation_plot.pdf, id=25, 
462.52798pt x 346.89601pt>
File: ../runs/effectiveness/Figure7a_ablation_study/plots/ablation_plot.pdf Gra
phic file (type pdf)
<use ../runs/effectiveness/Figure7a_ablation_study/plots/ablation_plot.pdf>
Package pdftex.def Info: ../runs/effectiveness/Figure7a_ablation_study/plots/ab
lation_plot.pdf  used on input line 33.
(pdftex.def)             Requested size: 126.66609pt x 94.99706pt.
<../runs/effectiveness/Figure7b_total_matches_ratio_recall_stream_size_2000/plo
ts/total_matches_ratio_recall_stream_size_2000.pdf, id=26, 462.52798pt x 346.89
601pt>
File: ../runs/effectiveness/Figure7b_total_matches_ratio_recall_stream_size_200
0/plots/total_matches_ratio_recall_stream_size_2000.pdf Graphic file (type pdf)

<use ../runs/effectiveness/Figure7b_total_matches_ratio_recall_stream_size_2000
/plots/total_matches_ratio_recall_stream_size_2000.pdf>
Package pdftex.def Info: ../runs/effectiveness/Figure7b_total_matches_ratio_rec
all_stream_size_2000/plots/total_matches_ratio_recall_stream_size_2000.pdf  use
d on input line 40.
(pdftex.def)             Requested size: 126.66609pt x 94.99706pt.
<../runs/effectiveness/Figure7c_detected_matches_recall_stream_size_2000/plots/
detected_matches_recall_stream_size_2000.pdf, id=27, 462.52798pt x 346.89601pt>

File: ../runs/effectiveness/Figure7c_detected_matches_recall_stream_size_2000/p
lots/detected_matches_recall_stream_size_2000.pdf Graphic file (type pdf)
<use ../runs/effectiveness/Figure7c_detected_matches_recall_stream_size_2000/pl
ots/detected_matches_recall_stream_size_2000.pdf>
Package pdftex.def Info: ../runs/effectiveness/Figure7c_detected_matches_recall
_stream_size_2000/plots/detected_matches_recall_stream_size_2000.pdf  used on i
nput line 47.
(pdftex.def)             Requested size: 126.66609pt x 94.99706pt.
LaTeX Font Info:    Font shape `T1/LinuxBiolinumT-TLF/m/n' will be
(Font)              scaled to size 6.6pt on input line 57.
LaTeX Font Info:    Font shape `T1/LinuxBiolinumT-TLF/m/n' will be
(Font)              scaled to size 5.5pt on input line 57.

Class acmart Warning: A possible image without description on input line 60.

<../runs/sensitivity_analysis/Figure8a_changing_number_of_eval_timestamps/plots
/number_of_evaluation_timestamps_plot.pdf, id=28, 462.52798pt x 346.89601pt>
File: ../runs/sensitivity_analysis/Figure8a_changing_number_of_eval_timestamps/
plots/number_of_evaluation_timestamps_plot.pdf Graphic file (type pdf)
<use ../runs/sensitivity_analysis/Figure8a_changing_number_of_eval_timestamps/p
lots/number_of_evaluation_timestamps_plot.pdf>
Package pdftex.def Info: ../runs/sensitivity_analysis/Figure8a_changing_number_
of_eval_timestamps/plots/number_of_evaluation_timestamps_plot.pdf  used on inpu
t line 69.
(pdftex.def)             Requested size: 150.41447pt x 112.80867pt.
<../runs/sensitivity_analysis/Figure8b_changing_query_length/plots/query_length
_plot.pdf, id=29, 462.52798pt x 346.89601pt>
File: ../runs/sensitivity_analysis/Figure8b_changing_query_length/plots/query_l
ength_plot.pdf Graphic file (type pdf)
<use ../runs/sensitivity_analysis/Figure8b_changing_query_length/plots/query_le
ngth_plot.pdf>
Package pdftex.def Info: ../runs/sensitivity_analysis/Figure8b_changing_query_l
ength/plots/query_length_plot.pdf  used on input line 77.
(pdftex.def)             Requested size: 150.41447pt x 112.80867pt.
<../runs/sensitivity_analysis/Figure8c_changing_number_of_kleene_operators/plot
s/number_of_kleene_operators_combined_plot.pdf, id=30, 457.2723pt x 339.66899pt
>
File: ../runs/sensitivity_analysis/Figure8c_changing_number_of_kleene_operators
/plots/number_of_kleene_operators_combined_plot.pdf Graphic file (type pdf)
<use ../runs/sensitivity_analysis/Figure8c_changing_number_of_kleene_operators/
plots/number_of_kleene_operators_combined_plot.pdf>
Package pdftex.def Info: ../runs/sensitivity_analysis/Figure8c_changing_number_
of_kleene_operators/plots/number_of_kleene_operators_combined_plot.pdf  used on
 input line 86.
(pdftex.def)             Requested size: 150.41447pt x 111.7283pt.
<../runs/sensitivity_analysis/Figure8d_positional_kleene/plots/positional_kleen
e_plot.pdf, id=31, 454.86444pt x 339.30664pt>
File: ../runs/sensitivity_analysis/Figure8d_positional_kleene/plots/positional_
kleene_plot.pdf Graphic file (type pdf)
<use ../runs/sensitivity_analysis/Figure8d_positional_kleene/plots/positional_k
leene_plot.pdf>
Package pdftex.def Info: ../runs/sensitivity_analysis/Figure8d_positional_kleen
e/plots/positional_kleene_plot.pdf  used on input line 94.
(pdftex.def)             Requested size: 150.41447pt x 112.19934pt.
<../runs/sensitivity_analysis/Figure8e_changing_number_of_disjunction_operators
/plots/number_of_disjunction_operators_combined_plot.pdf, id=32, 450.47986pt x 
339.66899pt>
File: ../runs/sensitivity_analysis/Figure8e_changing_number_of_disjunction_oper
ators/plots/number_of_disjunction_operators_combined_plot.pdf Graphic file (typ
e pdf)
<use ../runs/sensitivity_analysis/Figure8e_changing_number_of_disjunction_opera
tors/plots/number_of_disjunction_operators_combined_plot.pdf>
Package pdftex.def Info: ../runs/sensitivity_analysis/Figure8e_changing_number_
of_disjunction_operators/plots/number_of_disjunction_operators_combined_plot.pd
f  used on input line 103.
(pdftex.def)             Requested size: 150.41447pt x 113.41275pt.
<../runs/sensitivity_analysis/Figure8f_overlapping_characters/plots/disjunction
_operator_overlapping_percentage.pdf, id=33, 454.94133pt x 339.66899pt>
File: ../runs/sensitivity_analysis/Figure8f_overlapping_characters/plots/disjun
ction_operator_overlapping_percentage.pdf Graphic file (type pdf)
<use ../runs/sensitivity_analysis/Figure8f_overlapping_characters/plots/disjunc
tion_operator_overlapping_percentage.pdf>
Package pdftex.def Info: ../runs/sensitivity_analysis/Figure8f_overlapping_char
acters/plots/disjunction_operator_overlapping_percentage.pdf  used on input lin
e 111.
(pdftex.def)             Requested size: 150.41447pt x 112.29842pt.

Class acmart Warning: A possible image without description on input line 121.

LaTeX Font Info:    Font shape `T1/LinuxBiolinumT-TLF/b/n' will be
(Font)              scaled to size 10.0pt on input line 124.
LaTeX Font Info:    Font shape `T1/LinuxLibertineT-TLF/m/sc' will be
(Font)              scaled to size 10.0pt on input line 126.
LaTeX Font Info:    Font shape `OT1/LinuxLibertineT-TLF/m/n' will be
(Font)              scaled to size 10.0pt on input line 129.
LaTeX Font Info:    Font shape `OT1/LinuxLibertineT-TLF/m/n' will be
(Font)              scaled to size 7.3pt on input line 129.
LaTeX Font Info:    Font shape `OML/nxlmi/m/it' will be
(Font)              scaled to size 10.0pt on input line 129.
LaTeX Font Info:    Font shape `OML/nxlmi/m/it' will be
(Font)              scaled to size 7.3pt on input line 129.
LaTeX Font Info:    Font shape `LMS/ntxsy/m/n' will be
(Font)              scaled to size 10.0pt on input line 129.
LaTeX Font Info:    Font shape `LMS/ntxsy/m/n' will be
(Font)              scaled to size 7.3pt on input line 129.
LaTeX Font Info:    Font shape `LMX/ntxexx/m/n' will be
(Font)              scaled to size 10.0pt on input line 129.
LaTeX Font Info:    Font shape `LMX/ntxexx/m/n' will be
(Font)              scaled to size 7.3pt on input line 129.
LaTeX Font Info:    Font shape `U/ntxmia/m/it' will be
(Font)              scaled to size 10.0pt on input line 129.
LaTeX Font Info:    Font shape `U/ntxmia/m/it' will be
(Font)              scaled to size 7.3pt on input line 129.
LaTeX Font Info:    Font shape `U/ntxsym/m/n' will be
(Font)              scaled to size 10.0pt on input line 129.
LaTeX Font Info:    Font shape `U/ntxsym/m/n' will be
(Font)              scaled to size 7.3pt on input line 129.
LaTeX Font Info:    Font shape `U/ntxsyc/m/n' will be
(Font)              scaled to size 10.0pt on input line 129.
LaTeX Font Info:    Font shape `U/ntxsyc/m/n' will be
(Font)              scaled to size 7.3pt on input line 129.
LaTeX Font Info:    Font shape `U/ntxexa/m/n' will be
(Font)              scaled to size 10.0pt on input line 129.
LaTeX Font Info:    Font shape `U/ntxexa/m/n' will be
(Font)              scaled to size 7.3pt on input line 129.
LaTeX Font Info:    Font shape `T1/LinuxLibertineT-TLF/b/n' will be
(Font)              scaled to size 10.0pt on input line 143.
LaTeX Font Info:    Font shape `T1/LinuxLibertineT-TLF/m/n' will be
(Font)              scaled to size 7.3pt on input line 144.
LaTeX Font Info:    Font shape `T1/LinuxLibertineT-TLF/m/n' will be
(Font)              scaled to size 5.5pt on input line 144.

LaTeX Warning: Reference `problem-definition' on page 1 undefined on input line
 158.


LaTeX Warning: Reference `subsec:selection-strategy' on page 1 undefined on inp
ut line 171.



LaTeX Font Info:    Font shape `T1/LinuxLibertineT-TLF/m/n' will be
(Font)              scaled to size 7.0pt on input line 173.
[1.1{/var/lib/texmf/fonts/map/pdftex/updmap/pdftex.map}{/usr/share/texlive/texm
f-dist/fonts/enc/dvips/libertine/lbtn_25tcsq.enc}{/usr/share/texlive/texmf-dist
/fonts/enc/dvips/libertine/lbtn_76gpa5.enc}{/usr/share/texlive/texmf-dist/fonts
/enc/dvips/libertine/lbtn_ncsllp.enc}{/usr/share/texlive/texmf-dist/fonts/enc/d
vips/libertine/lbtn_oexx6f.enc}{/usr/share/texlive/texmf-dist/fonts/enc/dvips/l
ibertine/lbtn_nh77jq.enc} <../runs/effectiveness/Figure6a_changing_summary_time
_window_sizes/plots/summary_time_window_comparison.pdf> <../runs/effectiveness/
Figure6b_changing_probability_distribution/plots/probability_distribution_plot_
uni_norm.pdf> <../runs/effectiveness/Figure7a_ablation_study/plots/ablation_plo
t.pdf> <../runs/effectiveness/Figure7b_total_matches_ratio_recall_stream_size_2
000/plots/total_matches_ratio_recall_stream_size_2000.pdf> <../runs/effectivene
ss/Figure7c_detected_matches_recall_stream_size_2000/plots/detected_matches_rec
all_stream_size_2000.pdf>]
LaTeX Font Info:    Font shape `T1/LinuxLibertineT-TLF/m/it' will be
(Font)              scaled to size 10.0pt on input line 180.

Underfull \vbox (badness 1577) has occurred while \output is active []



LaTeX Font Info:    Font shape `T1/LinuxBiolinumT-TLF/m/n' will be
(Font)              scaled to size 8.0pt on input line 187.
[2.2{/usr/share/texlive/texmf-dist/fonts/enc/dvips/libertine/lbtn_7grukw.enc} <
../runs/sensitivity_analysis/Figure8a_changing_number_of_eval_timestamps/plots/
number_of_evaluation_timestamps_plot.pdf> <../runs/sensitivity_analysis/Figure8
b_changing_query_length/plots/query_length_plot.pdf> <../runs/sensitivity_analy
sis/Figure8c_changing_number_of_kleene_operators/plots/number_of_kleene_operato
rs_combined_plot.pdf> <../runs/sensitivity_analysis/Figure8d_positional_kleene/
plots/positional_kleene_plot.pdf> <../runs/sensitivity_analysis/Figure8e_changi
ng_number_of_disjunction_operators/plots/number_of_disjunction_operators_combin
ed_plot.pdf> <../runs/sensitivity_analysis/Figure8f_overlapping_characters/plot
s/disjunction_operator_overlapping_percentage.pdf>]
LaTeX Font Info:    Font shape `T1/LinuxLibertineT-TLF/b/sc' will be
(Font)              scaled to size 10.0pt on input line 238.


Package natbib Warning: Citation `Riveros2023' on page 3 undefined on input lin
e 253.



[3.3{/usr/share/texlive/texmf-dist/fonts/enc/dvips/libertine/lbtn_tlukpt.enc}]
<../runs/efficiency/Figure9a_suse_vs_rematch_vs_core_vs_flinkcep/plots/suse_vs_
rematch_vs_core_vs_flinkcep.pdf, id=283, 462.52798pt x 346.89601pt>
File: ../runs/efficiency/Figure9a_suse_vs_rematch_vs_core_vs_flinkcep/plots/sus
e_vs_rematch_vs_core_vs_flinkcep.pdf Graphic file (type pdf)
<use ../runs/efficiency/Figure9a_suse_vs_rematch_vs_core_vs_flinkcep/plots/suse
_vs_rematch_vs_core_vs_flinkcep.pdf>
Package pdftex.def Info: ../runs/efficiency/Figure9a_suse_vs_rematch_vs_core_vs
_flinkcep/plots/suse_vs_rematch_vs_core_vs_flinkcep.pdf  used on input line 271
.
(pdftex.def)             Requested size: 150.41447pt x 112.80867pt.
<../runs/efficiency/Figure9b_throughput_gain_over_rematch_core_flinkcep/plots/t
hroughput_gain_over_rematch_core_flinkcep.pdf, id=284, 462.52798pt x 346.89601p
t>
File: ../runs/efficiency/Figure9b_throughput_gain_over_rematch_core_flinkcep/pl
ots/throughput_gain_over_rematch_core_flinkcep.pdf Graphic file (type pdf)
<use ../runs/efficiency/Figure9b_throughput_gain_over_rematch_core_flinkcep/plo
ts/throughput_gain_over_rematch_core_flinkcep.pdf>
Package pdftex.def Info: ../runs/efficiency/Figure9b_throughput_gain_over_remat
ch_core_flinkcep/plots/throughput_gain_over_rematch_core_flinkcep.pdf  used on 
input line 279.
(pdftex.def)             Requested size: 150.41447pt x 112.80867pt.


Class acmart Warning: A possible image without description on input line 291.

<../runs/efficiency/Figure10a_execution_time_summary_time_window_comparison/plo
ts/execution_time_summary_time_window_comparison.pdf, id=285, 462.52798pt x 346
.89601pt>
File: ../runs/efficiency/Figure10a_execution_time_summary_time_window_compariso
n/plots/execution_time_summary_time_window_comparison.pdf Graphic file (type pd
f)
<use ../runs/efficiency/Figure10a_execution_time_summary_time_window_comparison
/plots/execution_time_summary_time_window_comparison.pdf>
Package pdftex.def Info: ../runs/efficiency/Figure10a_execution_time_summary_ti
me_window_comparison/plots/execution_time_summary_time_window_comparison.pdf  u
sed on input line 297.
(pdftex.def)             Requested size: 150.41447pt x 112.80867pt.
<../runs/efficiency/Figure10b_throughput_boxplot/plots/throughput_boxplot.pdf, 
id=286, 462.52798pt x 346.89601pt>
File: ../runs/efficiency/Figure10b_throughput_boxplot/plots/throughput_boxplot.
pdf Graphic file (type pdf)
<use ../runs/efficiency/Figure10b_throughput_boxplot/plots/throughput_boxplot.p
df>
Package pdftex.def Info: ../runs/efficiency/Figure10b_throughput_boxplot/plots/
throughput_boxplot.pdf  used on input line 305.
(pdftex.def)             Requested size: 150.41447pt x 112.80867pt.
<../runs/efficiency/Figure10c_latency_boxplot/plots/latency_boxplot.pdf, id=287
, 462.52798pt x 346.89601pt>
File: ../runs/efficiency/Figure10c_latency_boxplot/plots/latency_boxplot.pdf Gr
aphic file (type pdf)
<use ../runs/efficiency/Figure10c_latency_boxplot/plots/latency_boxplot.pdf>
Package pdftex.def Info: ../runs/efficiency/Figure10c_latency_boxplot/plots/lat
ency_boxplot.pdf  used on input line 315.
(pdftex.def)             Requested size: 150.41447pt x 112.80867pt.
<../runs/efficiency/Figure10d_memory_experiment/plots/average_maximum_memory_us
age.pdf, id=288, 462.52798pt x 346.89601pt>
File: ../runs/efficiency/Figure10d_memory_experiment/plots/average_maximum_memo
ry_usage.pdf Graphic file (type pdf)
<use ../runs/efficiency/Figure10d_memory_experiment/plots/average_maximum_memor
y_usage.pdf>
Package pdftex.def Info: ../runs/efficiency/Figure10d_memory_experiment/plots/a
verage_maximum_memory_usage.pdf  used on input line 323.
(pdftex.def)             Requested size: 150.41447pt x 112.80867pt.

Class acmart Warning: A possible image without description on input line 333.



[4.4 <../runs/efficiency/Figure9a_suse_vs_rematch_vs_core_vs_flinkcep/plots/sus
e_vs_rematch_vs_core_vs_flinkcep.pdf> <../runs/efficiency/Figure9b_throughput_g
ain_over_rematch_core_flinkcep/plots/throughput_gain_over_rematch_core_flinkcep
.pdf> <../runs/efficiency/Figure10a_execution_time_summary_time_window_comparis
on/plots/execution_time_summary_time_window_comparison.pdf> <../runs/efficiency
/Figure10b_throughput_boxplot/plots/throughput_boxplot.pdf> <../runs/efficiency
/Figure10c_latency_boxplot/plots/latency_boxplot.pdf> <../runs/efficiency/Figur
e10d_memory_experiment/plots/average_maximum_memory_usage.pdf>]

LaTeX Warning: Reference `subsec:summary-operations' on page 5 undefined on inp
ut line 374.

<../runs/real_world_experiments/Figure11a_CitiBike_queries/plots/CitiBike_queri
es.pdf, id=416, 462.52798pt x 346.89601pt>
File: ../runs/real_world_experiments/Figure11a_CitiBike_queries/plots/CitiBike_
queries.pdf Graphic file (type pdf)
<use ../runs/real_world_experiments/Figure11a_CitiBike_queries/plots/CitiBike_q
ueries.pdf>
Package pdftex.def Info: ../runs/real_world_experiments/Figure11a_CitiBike_quer
ies/plots/CitiBike_queries.pdf  used on input line 408.
(pdftex.def)             Requested size: 126.66609pt x 94.99706pt.
<../runs/real_world_experiments/Figure11b_CitiBike_throughput_lineplot/plots/Ci
tiBike_throughput_lineplot.pdf, id=417, 462.52798pt x 346.89601pt>
File: ../runs/real_world_experiments/Figure11b_CitiBike_throughput_lineplot/plo
ts/CitiBike_throughput_lineplot.pdf Graphic file (type pdf)
<use ../runs/real_world_experiments/Figure11b_CitiBike_throughput_lineplot/plot
s/CitiBike_throughput_lineplot.pdf>
Package pdftex.def Info: ../runs/real_world_experiments/Figure11b_CitiBike_thro
ughput_lineplot/plots/CitiBike_throughput_lineplot.pdf  used on input line 416.

(pdftex.def)             Requested size: 126.66609pt x 94.99706pt.
<../runs/real_world_experiments/Figure11c_CitiBike_latency_lineplot/plots/CitiB
ike_latency_lineplot.pdf, id=418, 462.52798pt x 346.89601pt>
File: ../runs/real_world_experiments/Figure11c_CitiBike_latency_lineplot/plots/
CitiBike_latency_lineplot.pdf Graphic file (type pdf)
<use ../runs/real_world_experiments/Figure11c_CitiBike_latency_lineplot/plots/C
itiBike_latency_lineplot.pdf>
Package pdftex.def Info: ../runs/real_world_experiments/Figure11c_CitiBike_late
ncy_lineplot/plots/CitiBike_latency_lineplot.pdf  used on input line 424.
(pdftex.def)             Requested size: 126.66609pt x 94.99706pt.

Class acmart Warning: A possible image without description on input line 433.


Underfull \vbox (badness 10000) has occurred while \output is active []



[5.5 <../runs/real_world_experiments/Figure11a_CitiBike_queries/plots/CitiBike_
queries.pdf> <../runs/real_world_experiments/Figure11b_CitiBike_throughput_line
plot/plots/CitiBike_throughput_lineplot.pdf> <../runs/real_world_experiments/Fi
gure11c_CitiBike_latency_lineplot/plots/CitiBike_latency_lineplot.pdf>]
<../runs/real_world_experiments/Figure12a_NASDAQ_queries/plots/NASDAQ_queries.p
df, id=478, 462.52798pt x 346.89601pt>
File: ../runs/real_world_experiments/Figure12a_NASDAQ_queries/plots/NASDAQ_quer
ies.pdf Graphic file (type pdf)
<use ../runs/real_world_experiments/Figure12a_NASDAQ_queries/plots/NASDAQ_queri
es.pdf>
Package pdftex.def Info: ../runs/real_world_experiments/Figure12a_NASDAQ_querie
s/plots/NASDAQ_queries.pdf  used on input line 476.
(pdftex.def)             Requested size: 126.66609pt x 94.99706pt.
<../runs/real_world_experiments/Figure12b_NASDAQ_throughput_lineplot/plots/NASD
AQ_throughput_lineplot.pdf, id=479, 462.52798pt x 346.89601pt>
File: ../runs/real_world_experiments/Figure12b_NASDAQ_throughput_lineplot/plots
/NASDAQ_throughput_lineplot.pdf Graphic file (type pdf)
<use ../runs/real_world_experiments/Figure12b_NASDAQ_throughput_lineplot/plots/
NASDAQ_throughput_lineplot.pdf>
Package pdftex.def Info: ../runs/real_world_experiments/Figure12b_NASDAQ_throug
hput_lineplot/plots/NASDAQ_throughput_lineplot.pdf  used on input line 483.
(pdftex.def)             Requested size: 126.66609pt x 94.99706pt.
<../runs/real_world_experiments/Figure12c_NASDAQ_latency_lineplot/plots/NASDAQ_
latency_lineplot.pdf, id=480, 462.52798pt x 346.89601pt>
File: ../runs/real_world_experiments/Figure12c_NASDAQ_latency_lineplot/plots/NA
SDAQ_latency_lineplot.pdf Graphic file (type pdf)
<use ../runs/real_world_experiments/Figure12c_NASDAQ_latency_lineplot/plots/NAS
DAQ_latency_lineplot.pdf>
Package pdftex.def Info: ../runs/real_world_experiments/Figure12c_NASDAQ_latenc
y_lineplot/plots/NASDAQ_latency_lineplot.pdf  used on input line 490.
(pdftex.def)             Requested size: 126.66609pt x 94.99706pt.


Class acmart Warning: A possible image without description on input line 499.

)

Package natbib Warning: There were undefined citations.


Class acmart Warning: Some images may lack descriptions.


Class acmart Warning: \vspace should only be used to provide space above/below 
surrounding objects on input line 321.



(/usr/share/texlive/texmf-dist/tex/generic/stringenc/se-pdfdoc.def
File: se-pdfdoc.def 2019/11/29 v1.12 stringenc: PDFDocEncoding
)
(/usr/share/texlive/texmf-dist/tex/generic/stringenc/se-utf8.def
File: se-utf8.def 2019/11/29 v1.12 stringenc: UTF-8
) [6.6 <../runs/real_world_experiments/Figure12a_NASDAQ_queries/plots/NASDAQ_qu
eries.pdf> <../runs/real_world_experiments/Figure12b_NASDAQ_throughput_lineplot
/plots/NASDAQ_throughput_lineplot.pdf> <../runs/real_world_experiments/Figure12
c_NASDAQ_latency_lineplot/plots/NASDAQ_latency_lineplot.pdf>]
(./summarySelector_sigmod25_cameraReady.aux)
 ***********
LaTeX2e <2024-11-01> patch level 2
L3 programming layer <2025-01-18>
 ***********


LaTeX Warning: There were undefined references.

Package rerunfilecheck Info: File `summarySelector_sigmod25_cameraReady.out' ha
s not changed.
(rerunfilecheck)             Checksum: CCF8296D917A1974E5368AF8202809D1;659.
 ) 
Here is how much of TeX's memory you used:
 25271 strings out of 473197
 424838 string characters out of 5718605
 882035 words of memory out of 5000000
 47513 multiletter control sequences out of 15000+600000
 722179 words of font info for 391 fonts, out of 8000000 for 9000
 1302 hyphenation exceptions out of 8191
 90i,12n,131p,1033b,808s stack positions out of 10000i,1000n,20000p,200000b,200000s
</usr/share/texlive/texmf-dist/fonts/type1/public/newtx/LibertineMathMI.pfb><
/usr/share/texlive/texmf-dist/fonts/type1/public/newtx/LibertineMathMI7.pfb></u
sr/share/texlive/texmf-dist/fonts/type1/public/newtx/LibertineMathRM.pfb></usr/
share/texlive/texmf-dist/fonts/type1/public/libertine/LinBiolinumT.pfb></usr/sh
are/texlive/texmf-dist/fonts/type1/public/libertine/LinBiolinumTB.pfb></usr/sha
re/texlive/texmf-dist/fonts/type1/public/libertine/LinLibertineT.pfb></usr/shar
e/texlive/texmf-dist/fonts/type1/public/libertine/LinLibertineTB.pfb></usr/shar
e/texlive/texmf-dist/fonts/type1/public/libertine/LinLibertineTI.pfb></usr/shar
e/texlive/texmf-dist/fonts/type1/public/newtx/NewTXMI.pfb></usr/share/texlive/t
exmf-dist/fonts/type1/public/amsfonts/cm/cmbsy10.pfb></usr/share/texlive/texmf-
dist/fonts/type1/public/mathpazo/fplmb.pfb></usr/share/texlive/texmf-dist/fonts
/type1/public/mathpazo/fplmbi.pfb></usr/share/texlive/texmf-dist/fonts/type1/pu
blic/newtx/txmiaX.pfb></usr/share/texlive/texmf-dist/fonts/type1/public/newtx/t
xsym.pfb></usr/share/texlive/texmf-dist/fonts/type1/public/newtx/txsys.pfb></us
r/share/texlive/texmf-dist/fonts/type1/urw/palatino/uplb8a.pfb></usr/share/texl
ive/texmf-dist/fonts/type1/urw/palatino/uplbi8a.pfb></usr/share/texlive/texmf-d
ist/fonts/type1/urw/palatino/uplr8a.pfb>
Output written on summarySelector_sigmod25_cameraReady.pdf (6 pages, 787209 byt
es).
PDF statistics:
 627 PDF objects out of 1000 (max. 8388607)
 417 compressed objects within 5 object streams
 18 named destinations out of 1000 (max. 500000)
 84132 words of extra memory for PDF output out of 89155 (max. 10000000)

